{"/home/chaosblade/Projects/invsys/services/product-service/src/app.controller.ts": {"path":"/home/chaosblade/Projects/invsys/services/product-service/src/app.controller.ts","statementMap":{"0":{"start":{"line":1,"column":0},"end":{"line":1,"column":49}},"1":{"start":{"line":4,"column":7},"end":{"line":9,"column":null}},"2":{"start":{"line":7,"column":4},"end":{"line":7,"column":65}},"3":{"start":{"line":4,"column":13},"end":{"line":4,"column":26}},"4":{"start":{"line":6,"column":2},"end":{"line":8,"column":null}},"5":{"start":{"line":4,"column":13},"end":{"line":9,"column":null}}},"fnMap":{"0":{"name":"(anonymous_2)","decl":{"start":{"line":6,"column":2},"end":{"line":6,"column":13}},"loc":{"start":{"line":6,"column":13},"end":{"line":8,"column":3}}}},"branchMap":{},"s":{"0":1,"1":1,"2":1,"3":1,"4":1,"5":1},"f":{"0":1},"b":{}}
,"/home/chaosblade/Projects/invsys/services/product-service/src/app.module.ts": {"path":"/home/chaosblade/Projects/invsys/services/product-service/src/app.module.ts","statementMap":{"0":{"start":{"line":1,"column":0},"end":{"line":1,"column":40}},"1":{"start":{"line":2,"column":0},"end":{"line":2,"column":48}},"2":{"start":{"line":3,"column":0},"end":{"line":3,"column":49}},"3":{"start":{"line":4,"column":0},"end":{"line":4,"column":43}},"4":{"start":{"line":5,"column":0},"end":{"line":5,"column":57}},"5":{"start":{"line":6,"column":0},"end":{"line":6,"column":60}},"6":{"start":{"line":7,"column":0},"end":{"line":7,"column":51}},"7":{"start":{"line":27,"column":7},"end":{"line":27,"column":null}},"8":{"start":{"line":27,"column":13},"end":{"line":27,"column":22}},"9":{"start":{"line":27,"column":13},"end":{"line":27,"column":null}}},"fnMap":{},"branchMap":{"0":{"loc":{"start":{"line":13,"column":12},"end":{"line":13,"column":55}},"type":"binary-expr","locations":[{"start":{"line":13,"column":12},"end":{"line":13,"column":40}},{"start":{"line":13,"column":44},"end":{"line":13,"column":55}}]},"1":{"loc":{"start":{"line":14,"column":21},"end":{"line":14,"column":59}},"type":"binary-expr","locations":[{"start":{"line":14,"column":21},"end":{"line":14,"column":49}},{"start":{"line":14,"column":53},"end":{"line":14,"column":59}}]},"2":{"loc":{"start":{"line":15,"column":16},"end":{"line":15,"column":58}},"type":"binary-expr","locations":[{"start":{"line":15,"column":16},"end":{"line":15,"column":44}},{"start":{"line":15,"column":48},"end":{"line":15,"column":58}}]},"3":{"loc":{"start":{"line":16,"column":16},"end":{"line":16,"column":75}},"type":"binary-expr","locations":[{"start":{"line":16,"column":16},"end":{"line":16,"column":48}},{"start":{"line":16,"column":52},"end":{"line":16,"column":75}}]},"4":{"loc":{"start":{"line":17,"column":16},"end":{"line":17,"column":61}},"type":"binary-expr","locations":[{"start":{"line":17,"column":16},"end":{"line":17,"column":44}},{"start":{"line":17,"column":48},"end":{"line":17,"column":61}}]}},"s":{"0":0,"1":0,"2":0,"3":0,"4":0,"5":0,"6":0,"7":0,"8":0,"9":0},"f":{},"b":{"0":[0,0],"1":[0,0],"2":[0,0],"3":[0,0],"4":[0,0]}}
,"/home/chaosblade/Projects/invsys/services/product-service/src/app.service.ts": {"path":"/home/chaosblade/Projects/invsys/services/product-service/src/app.service.ts","statementMap":{"0":{"start":{"line":1,"column":0},"end":{"line":1,"column":44}},"1":{"start":{"line":4,"column":7},"end":{"line":8,"column":null}},"2":{"start":{"line":6,"column":4},"end":{"line":6,"column":26}},"3":{"start":{"line":4,"column":13},"end":{"line":4,"column":23}},"4":{"start":{"line":4,"column":13},"end":{"line":8,"column":null}}},"fnMap":{"0":{"name":"(anonymous_1)","decl":{"start":{"line":5,"column":2},"end":{"line":5,"column":10}},"loc":{"start":{"line":5,"column":10},"end":{"line":7,"column":3}}}},"branchMap":{},"s":{"0":0,"1":0,"2":0,"3":0,"4":0},"f":{"0":0},"b":{}}
,"/home/chaosblade/Projects/invsys/services/product-service/src/main.ts": {"path":"/home/chaosblade/Projects/invsys/services/product-service/src/main.ts","statementMap":{"0":{"start":{"line":1,"column":0},"end":{"line":1,"column":43}},"1":{"start":{"line":2,"column":0},"end":{"line":2,"column":41}},"2":{"start":{"line":5,"column":14},"end":{"line":5,"column":49}},"3":{"start":{"line":6,"column":15},"end":{"line":6,"column":39}},"4":{"start":{"line":7,"column":2},"end":{"line":7,"column":25}},"5":{"start":{"line":8,"column":2},"end":{"line":8,"column":61}},"6":{"start":{"line":10,"column":0},"end":{"line":10,"column":12}}},"fnMap":{"0":{"name":"bootstrap","decl":{"start":{"line":4,"column":15},"end":{"line":4,"column":24}},"loc":{"start":{"line":4,"column":24},"end":{"line":9,"column":1}}}},"branchMap":{"0":{"loc":{"start":{"line":6,"column":15},"end":{"line":6,"column":39}},"type":"binary-expr","locations":[{"start":{"line":6,"column":15},"end":{"line":6,"column":31}},{"start":{"line":6,"column":35},"end":{"line":6,"column":39}}]}},"s":{"0":0,"1":0,"2":0,"3":0,"4":0,"5":0,"6":0},"f":{"0":0},"b":{"0":[0,0]}}
,"/home/chaosblade/Projects/invsys/services/product-service/src/exchange/exchange.module.ts": {"path":"/home/chaosblade/Projects/invsys/services/product-service/src/exchange/exchange.module.ts","statementMap":{"0":{"start":{"line":1,"column":0},"end":{"line":1,"column":40}},"1":{"start":{"line":2,"column":0},"end":{"line":2,"column":43}},"2":{"start":{"line":3,"column":0},"end":{"line":3,"column":52}},"3":{"start":{"line":4,"column":0},"end":{"line":4,"column":56}},"4":{"start":{"line":5,"column":0},"end":{"line":5,"column":53}},"5":{"start":{"line":20,"column":7},"end":{"line":20,"column":null}},"6":{"start":{"line":20,"column":13},"end":{"line":20,"column":27}},"7":{"start":{"line":20,"column":13},"end":{"line":20,"column":null}}},"fnMap":{},"branchMap":{"0":{"loc":{"start":{"line":12,"column":12},"end":{"line":12,"column":49}},"type":"binary-expr","locations":[{"start":{"line":12,"column":12},"end":{"line":12,"column":34}},{"start":{"line":12,"column":38},"end":{"line":12,"column":49}}]},"1":{"loc":{"start":{"line":13,"column":12},"end":{"line":13,"column":42}},"type":"binary-expr","locations":[{"start":{"line":13,"column":12},"end":{"line":13,"column":34}},{"start":{"line":13,"column":38},"end":{"line":13,"column":42}}]}},"s":{"0":0,"1":0,"2":0,"3":0,"4":0,"5":0,"6":0,"7":0},"f":{},"b":{"0":[0,0],"1":[0,0]}}
,"/home/chaosblade/Projects/invsys/services/product-service/src/exchange/exchange.service.ts": {"path":"/home/chaosblade/Projects/invsys/services/product-service/src/exchange/exchange.service.ts","statementMap":{"0":{"start":{"line":1,"column":0},"end":{"line":1,"column":60}},"1":{"start":{"line":2,"column":0},"end":{"line":2,"column":44}},"2":{"start":{"line":3,"column":0},"end":{"line":3,"column":54}},"3":{"start":{"line":5,"column":0},"end":{"line":5,"column":37}},"4":{"start":{"line":8,"column":28},"end":{"line":38,"column":null}},"5":{"start":{"line":9,"column":28},"end":{"line":9,"column":60}},"6":{"start":{"line":12,"column":21},"end":{"line":12,"column":34}},"7":{"start":{"line":13,"column":35},"end":{"line":13,"column":54}},"8":{"start":{"line":17,"column":24},"end":{"line":17,"column":96}},"9":{"start":{"line":18,"column":4},"end":{"line":21,"column":5}},"10":{"start":{"line":19,"column":6},"end":{"line":19,"column":67}},"11":{"start":{"line":20,"column":6},"end":{"line":20,"column":25}},"12":{"start":{"line":23,"column":4},"end":{"line":36,"column":5}},"13":{"start":{"line":24,"column":6},"end":{"line":24,"column":67}},"14":{"start":{"line":26,"column":23},"end":{"line":27,"column":null}},"15":{"start":{"line":29,"column":20},"end":{"line":29,"column":39}},"16":{"start":{"line":31,"column":6},"end":{"line":31,"column":65}},"17":{"start":{"line":32,"column":6},"end":{"line":32,"column":19}},"18":{"start":{"line":34,"column":6},"end":{"line":34,"column":89}},"19":{"start":{"line":35,"column":6},"end":{"line":35,"column":50}},"20":{"start":{"line":8,"column":13},"end":{"line":8,"column":28}},"21":{"start":{"line":8,"column":13},"end":{"line":38,"column":null}}},"fnMap":{"0":{"name":"(anonymous_4)","decl":{"start":{"line":11,"column":2},"end":{"line":11,"column":null}},"loc":{"start":{"line":13,"column":54},"end":{"line":14,"column":6}}},"1":{"name":"(anonymous_5)","decl":{"start":{"line":16,"column":2},"end":{"line":16,"column":7}},"loc":{"start":{"line":16,"column":16},"end":{"line":37,"column":3}}}},"branchMap":{"0":{"loc":{"start":{"line":18,"column":4},"end":{"line":21,"column":5}},"type":"if","locations":[{"start":{"line":18,"column":4},"end":{"line":21,"column":5}},{"start":{},"end":{}}]},"1":{"loc":{"start":{"line":12,"column":34},"end":{"line":12,"column":null}},"type":"cond-expr","locations":[{"start":{"line":12,"column":45},"end":{"line":12,"column":null}},{"start":{"line":12,"column":45},"end":{"line":12,"column":null}}]},"2":{"loc":{"start":{"line":12,"column":34},"end":{"line":12,"column":45}},"type":"binary-expr","locations":[{"start":{"line":12,"column":34},"end":{"line":12,"column":null}},{"start":{"line":12,"column":34},"end":{"line":12,"column":45}}]}},"s":{"0":3,"1":3,"2":3,"3":3,"4":3,"5":3,"6":3,"7":3,"8":3,"9":3,"10":1,"11":1,"12":2,"13":2,"14":2,"15":1,"16":1,"17":1,"18":1,"19":1,"20":3,"21":3},"f":{"0":3,"1":3},"b":{"0":[1,2],"1":[3,0],"2":[3,3]}}
,"/home/chaosblade/Projects/invsys/services/product-service/src/product/product.controller.ts": {"path":"/home/chaosblade/Projects/invsys/services/product-service/src/product/product.controller.ts","statementMap":{"0":{"start":{"line":1,"column":0},"end":{"line":1,"column":68}},"1":{"start":{"line":2,"column":0},"end":{"line":2,"column":51}},"2":{"start":{"line":5,"column":7},"end":{"line":17,"column":null}},"3":{"start":{"line":6,"column":31},"end":{"line":6,"column":47}},"4":{"start":{"line":10,"column":4},"end":{"line":10,"column":44}},"5":{"start":{"line":15,"column":4},"end":{"line":15,"column":39}},"6":{"start":{"line":5,"column":13},"end":{"line":5,"column":30}},"7":{"start":{"line":9,"column":8},"end":{"line":11,"column":null}},"8":{"start":{"line":14,"column":8},"end":{"line":16,"column":null}},"9":{"start":{"line":5,"column":13},"end":{"line":17,"column":null}}},"fnMap":{"0":{"name":"(anonymous_4)","decl":{"start":{"line":6,"column":2},"end":{"line":6,"column":31}},"loc":{"start":{"line":6,"column":61},"end":{"line":6,"column":65}}},"1":{"name":"(anonymous_5)","decl":{"start":{"line":9,"column":8},"end":{"line":9,"column":14}},"loc":{"start":{"line":9,"column":63},"end":{"line":11,"column":3}}},"2":{"name":"(anonymous_6)","decl":{"start":{"line":14,"column":8},"end":{"line":14,"column":11}},"loc":{"start":{"line":14,"column":35},"end":{"line":16,"column":3}}}},"branchMap":{"0":{"loc":{"start":{"line":6,"column":47},"end":{"line":6,"column":64}},"type":"cond-expr","locations":[{"start":{"line":6,"column":61},"end":{"line":6,"column":64}},{"start":{"line":6,"column":61},"end":{"line":6,"column":64}}]},"1":{"loc":{"start":{"line":6,"column":47},"end":{"line":6,"column":61}},"type":"binary-expr","locations":[{"start":{"line":6,"column":47},"end":{"line":6,"column":64}},{"start":{"line":6,"column":47},"end":{"line":6,"column":61}}]}},"s":{"0":1,"1":1,"2":1,"3":3,"4":1,"5":1,"6":1,"7":1,"8":1,"9":1},"f":{"0":3,"1":1,"2":1},"b":{"0":[1,0],"1":[1,1]}}
,"/home/chaosblade/Projects/invsys/services/product-service/src/product/product.entity.ts": {"path":"/home/chaosblade/Projects/invsys/services/product-service/src/product/product.entity.ts","statementMap":{"0":{"start":{"line":1,"column":0},"end":{"line":1,"column":101}},"1":{"start":{"line":4,"column":7},"end":{"line":19,"column":null}},"2":{"start":{"line":4,"column":13},"end":{"line":4,"column":20}},"3":{"start":{"line":6,"column":2},"end":{"line":6,"column":null}},"4":{"start":{"line":9,"column":2},"end":{"line":9,"column":null}},"5":{"start":{"line":12,"column":2},"end":{"line":12,"column":null}},"6":{"start":{"line":15,"column":2},"end":{"line":15,"column":null}},"7":{"start":{"line":18,"column":2},"end":{"line":18,"column":null}},"8":{"start":{"line":4,"column":13},"end":{"line":19,"column":null}}},"fnMap":{},"branchMap":{"0":{"loc":{"start":{"line":15,"column":13},"end":{"line":15,"column":18}},"type":"cond-expr","locations":[{"start":{"line":15,"column":17},"end":{"line":15,"column":18}},{"start":{"line":15,"column":17},"end":{"line":15,"column":18}}]},"1":{"loc":{"start":{"line":15,"column":13},"end":{"line":15,"column":17}},"type":"binary-expr","locations":[{"start":{"line":15,"column":13},"end":{"line":15,"column":18}},{"start":{"line":15,"column":13},"end":{"line":15,"column":17}}]},"2":{"loc":{"start":{"line":18,"column":13},"end":{"line":18,"column":18}},"type":"cond-expr","locations":[{"start":{"line":18,"column":17},"end":{"line":18,"column":18}},{"start":{"line":18,"column":17},"end":{"line":18,"column":18}}]},"3":{"loc":{"start":{"line":18,"column":13},"end":{"line":18,"column":17}},"type":"binary-expr","locations":[{"start":{"line":18,"column":13},"end":{"line":18,"column":18}},{"start":{"line":18,"column":13},"end":{"line":18,"column":17}}]}},"s":{"0":2,"1":2,"2":2,"3":2,"4":2,"5":2,"6":2,"7":2,"8":2},"f":{},"b":{"0":[2,0],"1":[2,2],"2":[2,0],"3":[2,2]}}
,"/home/chaosblade/Projects/invsys/services/product-service/src/product/product.module.ts": {"path":"/home/chaosblade/Projects/invsys/services/product-service/src/product/product.module.ts","statementMap":{"0":{"start":{"line":1,"column":0},"end":{"line":1,"column":40}},"1":{"start":{"line":2,"column":0},"end":{"line":2,"column":48}},"2":{"start":{"line":3,"column":0},"end":{"line":3,"column":57}},"3":{"start":{"line":4,"column":0},"end":{"line":4,"column":51}},"4":{"start":{"line":5,"column":0},"end":{"line":5,"column":43}},"5":{"start":{"line":6,"column":0},"end":{"line":6,"column":65}},"6":{"start":{"line":7,"column":0},"end":{"line":7,"column":61}},"7":{"start":{"line":30,"column":7},"end":{"line":30,"column":null}},"8":{"start":{"line":30,"column":13},"end":{"line":30,"column":26}},"9":{"start":{"line":30,"column":13},"end":{"line":30,"column":null}}},"fnMap":{},"branchMap":{"0":{"loc":{"start":{"line":20,"column":22},"end":{"line":20,"column":70}},"type":"binary-expr","locations":[{"start":{"line":20,"column":22},"end":{"line":20,"column":50}},{"start":{"line":20,"column":54},"end":{"line":20,"column":70}}]}},"s":{"0":0,"1":0,"2":0,"3":0,"4":0,"5":0,"6":0,"7":0,"8":0,"9":0},"f":{},"b":{"0":[0,0]}}
,"/home/chaosblade/Projects/invsys/services/product-service/src/product/product.service.ts": {"path":"/home/chaosblade/Projects/invsys/services/product-service/src/product/product.service.ts","statementMap":{"0":{"start":{"line":1,"column":0},"end":{"line":1,"column":52}},"1":{"start":{"line":2,"column":0},"end":{"line":2,"column":51}},"2":{"start":{"line":3,"column":0},"end":{"line":3,"column":37}},"3":{"start":{"line":4,"column":0},"end":{"line":4,"column":43}},"4":{"start":{"line":5,"column":0},"end":{"line":5,"column":52}},"5":{"start":{"line":6,"column":0},"end":{"line":6,"column":63}},"6":{"start":{"line":9,"column":7},"end":{"line":45,"column":null}},"7":{"start":{"line":12,"column":21},"end":{"line":12,"column":34}},"8":{"start":{"line":14,"column":21},"end":{"line":14,"column":34}},"9":{"start":{"line":15,"column":21},"end":{"line":15,"column":38}},"10":{"start":{"line":19,"column":20},"end":{"line":19,"column":49}},"11":{"start":{"line":20,"column":18},"end":{"line":20,"column":54}},"12":{"start":{"line":23,"column":4},"end":{"line":26,"column":7}},"13":{"start":{"line":28,"column":4},"end":{"line":28,"column":17}},"14":{"start":{"line":32,"column":20},"end":{"line":32,"column":69}},"15":{"start":{"line":33,"column":4},"end":{"line":35,"column":5}},"16":{"start":{"line":34,"column":6},"end":{"line":34,"column":18}},"17":{"start":{"line":37,"column":18},"end":{"line":37,"column":55}},"18":{"start":{"line":38,"column":21},"end":{"line":38,"column":58}},"19":{"start":{"line":40,"column":4},"end":{"line":43,"column":6}},"20":{"start":{"line":9,"column":13},"end":{"line":9,"column":27}},"21":{"start":{"line":9,"column":13},"end":{"line":45,"column":null}}},"fnMap":{"0":{"name":"(anonymous_4)","decl":{"start":{"line":10,"column":2},"end":{"line":10,"column":null}},"loc":{"start":{"line":15,"column":53},"end":{"line":16,"column":6}}},"1":{"name":"(anonymous_5)","decl":{"start":{"line":18,"column":2},"end":{"line":18,"column":7}},"loc":{"start":{"line":18,"column":55},"end":{"line":29,"column":3}}},"2":{"name":"(anonymous_6)","decl":{"start":{"line":31,"column":2},"end":{"line":31,"column":7}},"loc":{"start":{"line":31,"column":22},"end":{"line":44,"column":3}}}},"branchMap":{"0":{"loc":{"start":{"line":33,"column":4},"end":{"line":35,"column":5}},"type":"if","locations":[{"start":{"line":33,"column":4},"end":{"line":35,"column":5}},{"start":{},"end":{}}]},"1":{"loc":{"start":{"line":38,"column":41},"end":{"line":38,"column":57}},"type":"binary-expr","locations":[{"start":{"line":38,"column":41},"end":{"line":38,"column":50}},{"start":{"line":38,"column":54},"end":{"line":38,"column":57}}]},"2":{"loc":{"start":{"line":12,"column":34},"end":{"line":12,"column":53}},"type":"cond-expr","locations":[{"start":{"line":12,"column":44},"end":{"line":12,"column":53}},{"start":{"line":12,"column":44},"end":{"line":12,"column":53}}]},"3":{"loc":{"start":{"line":12,"column":34},"end":{"line":12,"column":44}},"type":"binary-expr","locations":[{"start":{"line":12,"column":34},"end":{"line":12,"column":53}},{"start":{"line":12,"column":34},"end":{"line":12,"column":44}}]},"4":{"loc":{"start":{"line":12,"column":44},"end":{"line":14,"column":null}},"type":"cond-expr","locations":[{"start":{"line":14,"column":45},"end":{"line":14,"column":null}},{"start":{"line":14,"column":45},"end":{"line":14,"column":null}}]},"5":{"loc":{"start":{"line":12,"column":44},"end":{"line":14,"column":45}},"type":"binary-expr","locations":[{"start":{"line":12,"column":44},"end":{"line":14,"column":null}},{"start":{"line":14,"column":34},"end":{"line":14,"column":45}}]},"6":{"loc":{"start":{"line":14,"column":45},"end":{"line":15,"column":null}},"type":"cond-expr","locations":[{"start":{"line":15,"column":53},"end":{"line":15,"column":null}},{"start":{"line":15,"column":53},"end":{"line":15,"column":null}}]},"7":{"loc":{"start":{"line":14,"column":45},"end":{"line":15,"column":53}},"type":"binary-expr","locations":[{"start":{"line":14,"column":45},"end":{"line":15,"column":null}},{"start":{"line":15,"column":38},"end":{"line":15,"column":53}}]}},"s":{"0":2,"1":2,"2":2,"3":2,"4":2,"5":2,"6":2,"7":3,"8":3,"9":3,"10":1,"11":1,"12":1,"13":1,"14":2,"15":2,"16":1,"17":1,"18":1,"19":1,"20":2,"21":2},"f":{"0":3,"1":1,"2":2},"b":{"0":[1,1],"1":[1,0],"2":[2,0],"3":[2,2],"4":[2,0],"5":[2,2],"6":[2,0],"7":[2,2]}}
}
