TN:
SF:src/app.controller.ts
FN:6,(anonymous_2)
FNF:1
FNH:1
FNDA:1,(anonymous_2)
DA:1,1
DA:4,1
DA:6,1
DA:7,1
LF:4
LH:4
BRF:0
BRH:0
end_of_record
TN:
SF:src/app.module.ts
FNF:0
FNH:0
DA:1,0
DA:2,0
DA:3,0
DA:4,0
DA:5,0
DA:6,0
DA:7,0
DA:27,0
LF:8
LH:0
BRDA:13,0,0,0
BRDA:13,0,1,0
BRDA:14,1,0,0
BRDA:14,1,1,0
BRDA:15,2,0,0
BRDA:15,2,1,0
BRDA:16,3,0,0
BRDA:16,3,1,0
BRDA:17,4,0,0
BRDA:17,4,1,0
BRF:10
BRH:0
end_of_record
TN:
SF:src/app.service.ts
FN:5,(anonymous_1)
FNF:1
FNH:0
FNDA:0,(anonymous_1)
DA:1,0
DA:4,0
DA:6,0
LF:3
LH:0
BRF:0
BRH:0
end_of_record
TN:
SF:src/main.ts
FN:4,bootstrap
FNF:1
FNH:0
FNDA:0,bootstrap
DA:1,0
DA:2,0
DA:5,0
DA:6,0
DA:7,0
DA:8,0
DA:10,0
LF:7
LH:0
BRDA:6,0,0,0
BRDA:6,0,1,0
BRF:2
BRH:0
end_of_record
TN:
SF:src/exchange/exchange.module.ts
FNF:0
FNH:0
DA:1,0
DA:2,0
DA:3,0
DA:4,0
DA:5,0
DA:20,0
LF:6
LH:0
BRDA:12,0,0,0
BRDA:12,0,1,0
BRDA:13,1,0,0
BRDA:13,1,1,0
BRF:4
BRH:0
end_of_record
TN:
SF:src/exchange/exchange.service.ts
FN:11,(anonymous_4)
FN:16,(anonymous_5)
FNF:2
FNH:2
FNDA:3,(anonymous_4)
FNDA:3,(anonymous_5)
DA:1,3
DA:2,3
DA:3,3
DA:5,3
DA:8,3
DA:9,3
DA:12,3
DA:13,3
DA:17,3
DA:18,3
DA:19,1
DA:20,1
DA:23,2
DA:24,2
DA:26,2
DA:29,1
DA:31,1
DA:32,1
DA:34,1
DA:35,1
LF:20
LH:20
BRDA:18,0,0,1
BRDA:18,0,1,2
BRDA:12,1,0,3
BRDA:12,1,1,0
BRDA:12,2,0,3
BRDA:12,2,1,3
BRF:6
BRH:5
end_of_record
TN:
SF:src/product/product.controller.ts
FN:6,(anonymous_4)
FN:9,(anonymous_5)
FN:14,(anonymous_6)
FNF:3
FNH:3
FNDA:3,(anonymous_4)
FNDA:1,(anonymous_5)
FNDA:1,(anonymous_6)
DA:1,1
DA:2,1
DA:5,1
DA:6,3
DA:9,1
DA:10,1
DA:14,1
DA:15,1
LF:8
LH:8
BRDA:6,0,0,1
BRDA:6,0,1,0
BRDA:6,1,0,1
BRDA:6,1,1,1
BRF:4
BRH:3
end_of_record
TN:
SF:src/product/product.entity.ts
FNF:0
FNH:0
DA:1,2
DA:4,2
DA:6,2
DA:9,2
DA:12,2
DA:15,2
DA:18,2
LF:7
LH:7
BRDA:15,0,0,2
BRDA:15,0,1,0
BRDA:15,1,0,2
BRDA:15,1,1,2
BRDA:18,2,0,2
BRDA:18,2,1,0
BRDA:18,3,0,2
BRDA:18,3,1,2
BRF:8
BRH:6
end_of_record
TN:
SF:src/product/product.module.ts
FNF:0
FNH:0
DA:1,0
DA:2,0
DA:3,0
DA:4,0
DA:5,0
DA:6,0
DA:7,0
DA:30,0
LF:8
LH:0
BRDA:20,0,0,0
BRDA:20,0,1,0
BRF:2
BRH:0
end_of_record
TN:
SF:src/product/product.service.ts
FN:10,(anonymous_4)
FN:18,(anonymous_5)
FN:31,(anonymous_6)
FNF:3
FNH:3
FNDA:3,(anonymous_4)
FNDA:1,(anonymous_5)
FNDA:2,(anonymous_6)
DA:1,2
DA:2,2
DA:3,2
DA:4,2
DA:5,2
DA:6,2
DA:9,2
DA:12,3
DA:14,3
DA:15,3
DA:19,1
DA:20,1
DA:23,1
DA:28,1
DA:32,2
DA:33,2
DA:34,1
DA:37,1
DA:38,1
DA:40,1
LF:20
LH:20
BRDA:33,0,0,1
BRDA:33,0,1,1
BRDA:38,1,0,1
BRDA:38,1,1,0
BRDA:12,2,0,2
BRDA:12,2,1,0
BRDA:12,3,0,2
BRDA:12,3,1,2
BRDA:12,4,0,2
BRDA:12,4,1,0
BRDA:12,5,0,2
BRDA:12,5,1,2
BRDA:14,6,0,2
BRDA:14,6,1,0
BRDA:14,7,0,2
BRDA:14,7,1,2
BRF:16
BRH:12
end_of_record
